C51 COMPILER V9.01   MAIN                                                                  03/09/2017 19:35:05 PAGE 1   


C51 COMPILER V9.01, COMPILATION OF MODULE MAIN
OBJECT MODULE PLACED IN main.OBJ
COMPILER INVOKED BY: F:\工具软件\KEIL\C51\BIN\C51.EXE main.c BROWSE DEBUG OBJECTEXTEND

line level    source

   1          #include<reg51.h>
   2          #include<intrins.h>     
   3          sbit Trig = P1^0;
   4          sbit Echo = P1^1;
   5          
   6          sbit  LAN    = P2^0;
   7          sbit  LAP    = P2^1;
   8          
   9          sbit  RBN    = P2^2;
  10          sbit  RBP    = P2^3;
  11          
  12             unsigned int  time=0;
  13             unsigned long s=0;
  14             unsigned long m=0;
  15             unsigned long t=0;
  16           unsigned char ADD;
  17          
  18          //void delay21us(void)   //误差 0us
  19          //{
  20          //    unsigned char a;
  21          //    for(a=9;a>0;a--);
  22          //}
  23          //void delay500us(void)   //误差 0us
  24          //{
  25          //    unsigned char a,b;
  26          //    for(b=99;b>0;b--)
  27          //        for(a=1;a>0;a--)
  28          //                {ADD++;}
  29          //}
  30          //
  31          //void delay6ms553us(void)   //误差 0us
  32          //{
  33          //    unsigned char a,b,c;
  34          //    for(c=4;c>0;c--)
  35          //        for(b=86;b>0;b--)
  36          //            for(a=8;a>0;a--)
  37          //                       {
  38          //                       m++;t=m;
  39          //                        }
  40          //}
  41          
  42          void Conut(void)
  43          {
  44   1               time=TH1*256+TL1;
  45   1      
  46   1               s=time*0.172;     //算出来是CM
  47   1      }
  48          
  49          
  50          void  StartModule()                      //启动模块
  51          {
  52   1                Trig=1;                                            //启动一次模块
  53   1               delay21us();
*** WARNING C206 IN LINE 53 OF MAIN.C: 'delay21us': missing function-prototype
  54   1                Trig=0;
C51 COMPILER V9.01   MAIN                                                                  03/09/2017 19:35:05 PAGE 2   

  55   1       }
  56          
  57          void delayms(unsigned int ms)
  58          {
  59   1              unsigned char i=100,j;
  60   1              for(;ms;ms--)
  61   1              {
  62   2                      while(--i)
  63   2                      {
  64   3                              j=10;
  65   3                              while(--j);
  66   3                      }
  67   2              }
  68   1      }
  69          
  70          /**左边电机**/
  71          //以指定速度运行函数：MotRun()
  72          void MotRun(unsigned char speed)
  73          {       
  74   1           
  75   1           if(ADD>100)  //PWM周期为100*0.5ms
  76   1              {
  77   2                  ADD=0;      
  78   2              }
  79   1              if(ADD < speed)  
  80   1              {
  81   2                  LAN=0;
  82   2                  LAP=1;
  83   2                  RBN=0;
  84   2                  RBP=1;
  85   2      
  86   2              }
  87   1              else
  88   1              {        
  89   2                           LAN=0;
  90   2                   LAP=0;
  91   2                           RBN=0;
  92   2                   RBP=0;
  93   2              }
  94   1      }
  95          //停止电机函数：MotStop()
  96          //void MotStop(void)
  97          //{      
  98          //
  99          //      LAN=0;
 100          //        LAP=0;
 101          //        RBN=0;
 102          //        RBP=0;
 103          //
 104          //}
 105          ///**左边电机**/
 106          ////以指定速度运行函数：MotRun()
 107          void LMotRun( unsigned char speed)
 108          {
 109   1               
 110   1        if(ADD>100)  //PWM周期为100*0.5ms
 111   1              {
 112   2                  ADD=0;     
 113   2              }
 114   1              if(ADD < speed)  
 115   1              {
 116   2                 LAN=0;
C51 COMPILER V9.01   MAIN                                                                  03/09/2017 19:35:05 PAGE 3   

 117   2                 LAP=1;
 118   2              }
 119   1              else
 120   1              {        
 121   2                         LAN=0;
 122   2                    LAP=0;
 123   2                 
 124   2              }
 125   1      }
 126          
 127          void  UTC()
 128          {
 129   1                   StartModule();
 130   1                   while(!Echo);              //当RX为零时等待
 131   1                   TR1=1;                         //开启计数
 132   1                   while(Echo);                       //当RX为1计数并等待
 133   1                   TR1=0;                             //关闭计数
 134   1               Conut();                       //计算
 135   1                       delayms(80);
 136   1                       if(s<20)
 137   1                       {        
 138   2                          TR1=1;      
 139   2                         LMotRun(30);
 140   2                       }
 141   1                       else 
 142   1                        {
 143   2                         TR1=1;       
 144   2                         MotRun(30);
 145   2                        }
 146   1              
 147   1      
 148   1      
 149   1      }
 150          
 151          
 152          void main(void)
 153          {                                                          
 154   1               
 155   1              TMOD = TMOD | 0x10 ;        //T1 工作在方式1（8位计数器,自动重载）
 156   1              TH1 = 0x0FE;  //重新赋初值 定时500微秒
 157   1          TL1 = 0x0C;
 158   1              EA  = 1;
 159   1              ET1 = 1;
 160   1      //      TR1 = 1;
 161   1      
 162   1      //       TH0=0;
 163   1      //       TL0=0;          
 164   1      //       ET0=1;             //允许T0中断
 165   1      
 166   1              while(1)
 167   1              {
 168   2                      UTC();
 169   2              }
 170   1                              
 171   1      }
 172          
 173          //void zd0() interrupt 1                 //T0中断用来计数器溢出,超过测距范围
 174          // {
 175          //
 176          // }
 177          
 178           void Time1_IT(void) interrupt 3                 //T1
C51 COMPILER V9.01   MAIN                                                                  03/09/2017 19:35:05 PAGE 4   

 179          {       
 180   1                      TH1 = 0x0FE;  //重新赋初值
 181   1              TL1 = 0x0C;     
 182   1                  ADD++;
 183   1      
 184   1      }
 185          


MODULE INFORMATION:   STATIC OVERLAYABLE
   CODE SIZE        =    225    ----
   CONSTANT SIZE    =   ----    ----
   XDATA SIZE       =   ----    ----
   PDATA SIZE       =   ----    ----
   DATA SIZE        =     15    ----
   IDATA SIZE       =   ----    ----
   BIT SIZE         =   ----    ----
END OF MODULE INFORMATION.


C51 COMPILATION COMPLETE.  1 WARNING(S),  0 ERROR(S)
