C51 COMPILER V9.56.0.0   REC1                                                              09/28/2017 11:45:24 PAGE 1   


C51 COMPILER V9.56.0.0, COMPILATION OF MODULE REC1
OBJECT MODULE PLACED IN rec1.OBJ
COMPILER INVOKED BY: D:\MDK5\C51\BIN\C51.EXE rec1.c OPTIMIZE(8,SPEED) BROWSE INCDIR(..\..\–°≥µΩ” ’≥Ã–Ú;..\..\ ÷ ∆øÿ÷∆≥Ã–
                    -Ú) DEBUG OBJECTEXTEND TABS(2)

line level    source

   1          #include <stc89.h>
   2          #include "basic.h"
   3          void delay(unsigned int n);
   4          void int_uart(void);
   5          Byte rec_Data=0;
   6          void main()
   7          {
   8   1       int_uart();
   9   1       while(1)
  10   1       {
  11   2        P0=rec_Data;
  12   2        P1=rec_Data;
  13   2       }
  14   1      
  15   1      }
  16          
  17          void int_uart(void) 
  18          { 
  19   1       SCON = 0x50 ; 
  20   1       TMOD = 0x20 ; 
  21   1       TH1 = 0xfd ; 
  22   1       TL1 = 0xfd ;
  23   1       IE  = 0x90 ; 
  24   1       EA=1;
  25   1       TR1 = 1 ; 
  26   1      }
  27          void uart_receive(void) interrupt 4
  28          {
  29   1       RI=0;
  30   1       rec_Data=SBUF;
  31   1       RI=0;
  32   1      }
  33          


MODULE INFORMATION:   STATIC OVERLAYABLE
   CODE SIZE        =     39    ----
   CONSTANT SIZE    =   ----    ----
   XDATA SIZE       =   ----    ----
   PDATA SIZE       =   ----    ----
   DATA SIZE        =      1    ----
   IDATA SIZE       =   ----    ----
   BIT SIZE         =   ----    ----
END OF MODULE INFORMATION.


C51 COMPILATION COMPLETE.  0 WARNING(S),  0 ERROR(S)
