C51 COMPILER V9.01   L298N                                                                 01/10/2017 17:05:14 PAGE 1   


C51 COMPILER V9.01, COMPILATION OF MODULE L298N
OBJECT MODULE PLACED IN L298N.OBJ
COMPILER INVOKED BY: F:\¹¤¾ßÈí¼þ\KEIL\C51\BIN\C51.EXE L298N.c BROWSE DEBUG OBJECTEXTEND

line level    source

   1          #include"L298N.h"
   2          uchar high=1;
   3          uchar low=10;
   4          
   5          
   6          
   7          void delay(uint y)
   8          {
   9   1              uint x;
  10   1              for( ; y>0; y--)
  11   1              {
  12   2                      for(x=110; x>0; x--);
  13   2              }
  14   1      }
  15          
  16          void forward()
  17          {          uchar i;  
  18   1              ENA=1;
  19   1              ENB=1;
  20   1        
  21   1        if(low!=0)
  22   1        {
  23   2                for(i=0;i<low;i++)
  24   2                {
  25   3                       A2=0;B2=0;
  26   3                       delay(1000);
  27   3                }
  28   2        }
  29   1        for(i=0;i<high;i++)
  30   1        {
  31   2               A1=1;B1=1;
  32   2                delay(1000);
  33   2        }
  34   1        
  35   1      }
  36          void later()
  37          {           uchar i;    
  38   1              ENA=1;
  39   1              ENB=1;
  40   1        
  41   1                
  42   1      
  43   1        if(low!=0)
  44   1        {
  45   2                for(i=0;i<low;i++)
  46   2                {
  47   3                       A2=1;B2=1;
  48   3                }
  49   2        }
  50   1        for(i=0;i<high;i++)
  51   1        {
  52   2               A1=0;B1=0;
  53   2        }
  54   1        
  55   1      }
C51 COMPILER V9.01   L298N                                                                 01/10/2017 17:05:14 PAGE 2   

  56          //void stop()
  57          //{  ENA=0;
  58          //   ENB=0;
  59          //}
  60          void braking()
  61          {        ENA=1;
  62   1                   A1=0;
  63   1                       A2=0;
  64   1      
  65   1                       ENB=1;
  66   1                   A1=0;
  67   1                       A2=0;
  68   1      }
  69          void left_run()
  70          {        ENA=1;
  71   1                   A1=1;
  72   1                       A2=0;
  73   1      
  74   1               ENB=1;
  75   1                   B1=0;
  76   1                       B2=0;
  77   1      }
  78          void right_run()
  79          {            ENA=1;
  80   1                   A1=0;
  81   1                       A2=0;
  82   1      
  83   1                       ENB=1;
  84   1                   B1=1;
  85   1                       B2=0;
  86   1      
  87   1      }


MODULE INFORMATION:   STATIC OVERLAYABLE
   CODE SIZE        =    161    ----
   CONSTANT SIZE    =   ----    ----
   XDATA SIZE       =   ----    ----
   PDATA SIZE       =   ----    ----
   DATA SIZE        =      2    ----
   IDATA SIZE       =   ----    ----
   BIT SIZE         =   ----    ----
END OF MODULE INFORMATION.


C51 COMPILATION COMPLETE.  0 WARNING(S),  0 ERROR(S)
