C51 COMPILER V9.01   MAIN                                                                  01/10/2017 17:05:14 PAGE 1   


C51 COMPILER V9.01, COMPILATION OF MODULE MAIN
OBJECT MODULE PLACED IN main.OBJ
COMPILER INVOKED BY: F:\工具软件\KEIL\C51\BIN\C51.EXE main.c BROWSE DEBUG OBJECTEXTEND

line level    source

   1          #include"L298N.h"
   2          #include "reg51.h"
   3          sbit IRIN=P3^2;   
   4          uchar IrValue[6];
   5          
   6          uchar Time,num;
   7          /*******************************************************************************
   8          * 函 数 名         : Delay1ms
   9          * 函数功能                 : 延时函数
  10          * 输    入         : 无
  11          * 输    出         : 无
  12          *******************************************************************************/
  13          
  14          /*******************************************************************************
  15          * 函数名         : IrInit()
  16          * 函数功能                 : 初始化红外线接收
  17          * 输入           : 无
  18          * 输出           : 无
  19          *******************************************************************************/
  20          
  21          //
  22          //void IrInit()
  23          //{
  24          //      IT0=1;//下降沿触发
  25          //      EX0=1;//打开中断0允许
  26          //      EA=1;   //打开总中断
  27          //
  28          //      IRIN=1;//初始化端口
  29          //}
  30          //
  31          //void interrupt0()interrupt 0
  32          //{
  33          //      uchar i=0,j=0,k=0,us=0;
  34          //      uchar addr[4]={0};
  35          //
  36          //      EX0=0;
  37          //
  38          //      for(i=0;i<255;i++)  //9ms内有高电平认为是干扰
  39          //      {
  40          //              if(P3&0x04)         //255的值实际时间为800us
  41          //              {
  42          //                      EX0=1;
  43          //                      return;
  44          //              }
  45          //      }
  46          //      while(!(P3&0x04));      //等待9ms低电平过去
  47          //      for(i=0;i<4;i++)
  48          //      {
  49          //              for(j=0;j<8;j++)
  50          //              {
  51          //                      while(P3&0x04); //等待4.5ms高电平过去   
  52          //                      while(!(P3&0x04));      //等待0.56ms低电平后面的高电平
  53          //                      while(P3&0x04)          //计算这个高电平的时间
  54          //                      {
  55          //                              for(us=0;us<=32;us++);  //100us的延时语句
C51 COMPILER V9.01   MAIN                                                                  01/10/2017 17:05:14 PAGE 2   

  56          //                              if((k++)>=30)           //高电平时间过长退出程序
  57          //                              {
  58          //                                      EX0=1;
  59          //                                      return;
  60          //                              }
  61          //                      }
  62          //                      addr[i]=addr[i]>>1;     //接收一位数据
  63          //                      if(k>=8)
  64          //                              IrValue[i]=IrValue[i]|0x80;     //高电平大于0.56ms，则为1
  65          //                      k=0;
  66          //              }
  67          //      }       
  68          //
  69          //      P1=~(IrValue[2]);        //P2的LED显示二进制键值
  70          //      EX0=1;    
  71          //}
  72          
  73          /*******************************************************************************
  74          * 函 数 名       : main
  75          * 函数功能               : 主函数
  76          * 输    入       : 无
  77          * 输    出       : 无
  78          *******************************************************************************/
  79          void main()
  80          {       
  81   1          TMOD=0x01;
  82   1         TH0=(65535-45872)/256;
  83   1         TL0=(65535-45872)%256;
  84   1         EA=1;
  85   1         ET0=1;
  86   1         TR0=1; 
  87   1      //      IrInit();
  88   1              while(1)
  89   1              { 
  90   2      //              if(IrValue[2]==0x15)
  91   2      //         {
  92   2      //             low++;
  93   2      //              if(low==4)
  94   2      //                  {low=3;}
  95   2      //               
  96   2      //                   high--;
  97   2      //                   if(high==0)
  98   2      //                   {high=1;}
  99   2      //          break;
 100   2      //         }
 101   2      //        else 
 102   2      //          if(IrValue[2]==0x09)
 103   2      //           {
 104   2      //                low--;
 105   2      //              if(low==0)
 106   2      //                   {low=1;}
 107   2      //               
 108   2      //                    high++;
 109   2      //                   if(high==4)
 110   2      //                   {high=3;}
 111   2      //          break;
 112   2      //            }
 113   2      //
 114   2      //         switch ( IrValue[2])
 115   2      //          { case 0x45: forward();break;
 116   2      //                case 0x18: forward();break;
 117   2      //                case 0x52: later();break;
C51 COMPILER V9.01   MAIN                                                                  01/10/2017 17:05:14 PAGE 3   

 118   2      //                case 0x08: left_run();break;
 119   2      //                case 0x5a: right_run();break;
 120   2      //                case 0x1c: braking();break;
 121   2      //              }
 122   2          if(num<1)
 123   2              {       A1=1;A2=0;B1=1;
 124   3              
 125   3              } else
 126   2               {       A1=0; A2=0;B2=0;
 127   3                
 128   3               }
 129   2              
 130   2              }
 131   1          
 132   1              
 133   1                      
 134   1      }                                                                          
 135          void T0_time()interrupt 1
 136           {                TH0=(65535-45872)/256;
 137   1             TL0=(65535-45872)%256;
 138   1                        num++;
 139   1                        if(num==5)
 140   1                         {
 141   2                              num=0;
 142   2                         }
 143   1          
 144   1       }


MODULE INFORMATION:   STATIC OVERLAYABLE
   CODE SIZE        =     63    ----
   CONSTANT SIZE    =   ----    ----
   XDATA SIZE       =   ----    ----
   PDATA SIZE       =   ----    ----
   DATA SIZE        =      8    ----
   IDATA SIZE       =   ----    ----
   BIT SIZE         =   ----    ----
END OF MODULE INFORMATION.


C51 COMPILATION COMPLETE.  0 WARNING(S),  0 ERROR(S)
